%!Adobe-FontList 1.18
%Locale:0x412

%BeginFont
Handler:DirectoryHandler
FontType:TrueType
FontName:BodoniBT-Book
FamilyName:Bodoni Bk BT
StyleName:Book
FullName:Bodoni Book BT
MenuName:Bodoni Bk BT
StyleBits:0
WritingScript:Roman
OutlineFileName:C:\Users\LG\Desktop\disney\Font\bodoni book bt.ttf
DataFormat:sfntData
hasSVG:no
FileLength:47356
FileModTime:1468788566
WeightClass:400
WidthClass:5
AngleClass:0
NameArray:0,Mac,4,Bodoni Book BT
NameArray:0,Win,1,Bodoni Bk BT
%EndFont

%BeginFont
Handler:DirectoryHandler
FontType:TrueType
FontName:Helvetica-Light
FamilyName:Helvetica-Light
StyleName:Light
FullName:Helvetica-Light
MenuName:Helvetica-Light
StyleBits:0
WritingScript:Roman
OutlineFileName:C:\Users\LG\Desktop\disney\Font\Helvetica Light.ttf
DataFormat:sfntData
hasSVG:no
FileLength:42568
FileModTime:1035711782
WeightClass:300
WidthClass:5
AngleClass:0
NameArray:0,Mac,4,Helvetica-Light
NameArray:0,Win,1,Helvetica-Light
%EndFont

